<?xml version="1.0" encoding="UTF-8"?>
<!-- Generated by org.testng.reporters.JUnitReportReporter -->
<testsuite hostname="DESKTOP-I3SPISH" failures="0" tests="5" name="Demo.DemoTest" time="1.635" errors="0" timestamp="2024-11-05T09:30:03 IST" skipped="0">
  <testcase classname="Demo.DemoTest" name="DemoTesting3" time="0.005"/>
  <system-out/>
  <testcase classname="Demo.DemoTest" name="DemoTesting4" time="0.017"/>
  <system-out/>
  <testcase classname="Demo.DemoTest" name="DemoTesting2" time="0.010"/>
  <system-out/>
  <testcase classname="Demo.DemoTest" name="DemoTesting1" time="1.593"/>
  <system-out/>
  <testcase classname="Demo.DemoTest" name="DemoTesting5" time="0.010"/>
  <system-out/>
</testsuite> <!-- Demo.DemoTest -->
