<?xml version="1.0" encoding="UTF-8"?>
<!-- Generated by org.testng.reporters.JUnitReportReporter -->
<testsuite hostname="DESKTOP-I3SPISH" failures="0" tests="3" name="com.DomsEpson.ProductTest.MensProductTest" time="0.026" errors="0" timestamp="2024-10-28T15:40:22 IST" skipped="0">
  <testcase classname="com.DomsEpson.ProductTest.MensProductTest" name="removeProduct" time="0.006"/>
  <system-out/>
  <testcase classname="com.DomsEpson.ProductTest.MensProductTest" name="addProduct" time="0.010"/>
  <system-out/>
  <testcase classname="com.DomsEpson.ProductTest.MensProductTest" name="updateProduct" time="0.010"/>
  <system-out/>
</testsuite> <!-- com.DomsEpson.ProductTest.MensProductTest -->
