<?xml version="1.0" encoding="UTF-8"?>
<!-- Generated by org.testng.reporters.JUnitReportReporter -->
<testsuite hostname="DESKTOP-I3SPISH" failures="0" tests="3" name="com.DomsEpson.WelcomeTest.VerifyWelcomePageTest" time="10.970" errors="0" timestamp="2024-11-08T11:28:30 IST" skipped="0">
  <testcase classname="com.DomsEpson.WelcomeTest.VerifyWelcomePageTest" name="verifyWelcomePageWithValidInput" time="4.109"/>
  <system-out/>
  <testcase classname="com.DomsEpson.WelcomeTest.VerifyWelcomePageTest" name="verifyWelcomePageWithInvalidInput" time="3.387"/>
  <system-out/>
  <testcase classname="com.DomsEpson.WelcomeTest.VerifyWelcomePageTest" name="verifyWelcomePageWithInvalidInput" time="3.474"/>
  <system-out/>
</testsuite> <!-- com.DomsEpson.WelcomeTest.VerifyWelcomePageTest -->
