<?xml version="1.0" encoding="UTF-8"?>
<!-- Generated by org.testng.reporters.JUnitReportReporter -->
<testsuite hostname="DESKTOP-I3SPISH" failures="0" tests="3" name="com.DomsEpson.ProductTest.KidsProductTest" time="0.034" errors="0" timestamp="2024-10-28T15:40:22 IST" skipped="0">
  <testcase classname="com.DomsEpson.ProductTest.KidsProductTest" name="addProduct" time="0.002"/>
  <system-out/>
  <testcase classname="com.DomsEpson.ProductTest.KidsProductTest" name="removeProduct" time="0.016"/>
  <system-out/>
  <testcase classname="com.DomsEpson.ProductTest.KidsProductTest" name="updateProduct" time="0.016"/>
  <system-out/>
</testsuite> <!-- com.DomsEpson.ProductTest.KidsProductTest -->
